# JRE version: Java(TM) SE Runtime Environment (8.0_05-b13) (build 1.8.0_05-b13)
# Java VM: Java HotSpot(TM) 64-Bit Server VM (25.5-b02 mixed mode windows-amd64 compressed oops)
Heap:
 PSYoungGen      total 60928K, used 46531K [0x00000000eb400000, 0x00000000ef300000, 0x0000000100000000)
  eden space 57344K, 79% used [0x00000000eb400000,0x00000000ee09d7f8,0x00000000eec00000)
  from space 3584K, 23% used [0x00000000eef80000,0x00000000ef0536f8,0x00000000ef300000)
  to   space 3584K, 0% used [0x00000000eec00000,0x00000000eec00000,0x00000000eef80000)
 ParOldGen       total 13824K, used 8746K [0x00000000c1c00000, 0x00000000c2980000, 0x00000000eb400000)
  object space 13824K, 63% used [0x00000000c1c00000,0x00000000c248a910,0x00000000c2980000)
 Metaspace       used 28239K, capacity 28692K, committed 29104K, reserved 1075200K
  class space    used 3839K, capacity 3927K, committed 4016K, reserved 1048576K
GC Heap History (10 events):
Event: 16.478 GC heap before
{Heap before GC invocations=29 (full 2):
 PSYoungGen      total 49152K, used 47953K [0x00000000eb400000, 0x00000000ee980000, 0x0000000100000000)
  eden space 46080K, 100% used [0x00000000eb400000,0x00000000ee100000,0x00000000ee100000)
  from space 3072K, 60% used [0x00000000ee480000,0x00000000ee6544d0,0x00000000ee780000)
  to   space 3584K, 0% used [0x00000000ee100000,0x00000000ee100000,0x00000000ee480000)
 ParOldGen       total 12288K, used 8803K [0x00000000c1c00000, 0x00000000c2800000, 0x00000000eb400000)
  object space 12288K, 71% used [0x00000000c1c00000,0x00000000c2498c20,0x00000000c2800000)
 Metaspace       used 24062K, capacity 24438K, committed 24752K, reserved 1071104K
  class space    used 3377K, capacity 3473K, committed 3504K, reserved 1048576K
Event: 16.479 GC heap after
Heap after GC invocations=29 (full 2):
 PSYoungGen      total 49664K, used 160K [0x00000000eb400000, 0x00000000eef80000, 0x0000000100000000)
  eden space 46080K, 0% used [0x00000000eb400000,0x00000000eb400000,0x00000000ee100000)
  from space 3584K, 4% used [0x00000000ee100000,0x00000000ee128000,0x00000000ee480000)
  to   space 3072K, 0% used [0x00000000eec80000,0x00000000eec80000,0x00000000eef80000)
 ParOldGen       total 12288K, used 10572K [0x00000000c1c00000, 0x00000000c2800000, 0x00000000eb400000)
  object space 12288K, 86% used [0x00000000c1c00000,0x00000000c26530f0,0x00000000c2800000)
 Metaspace       used 24062K, capacity 24438K, committed 24752K, reserved 1071104K
  class space    used 3377K, capacity 3473K, committed 3504K, reserved 1048576K
}
Event: 16.479 GC heap before
{Heap before GC invocations=30 (full 3):
 PSYoungGen      total 49664K, used 160K [0x00000000eb400000, 0x00000000eef80000, 0x0000000100000000)
  eden space 46080K, 0% used [0x00000000eb400000,0x00000000eb400000,0x00000000ee100000)
  from space 3584K, 4% used [0x00000000ee100000,0x00000000ee128000,0x00000000ee480000)
  to   space 3072K, 0% used [0x00000000eec80000,0x00000000eec80000,0x00000000eef80000)
 ParOldGen       total 12288K, used 10572K [0x00000000c1c00000, 0x00000000c2800000, 0x00000000eb400000)
  object space 12288K, 86% used [0x00000000c1c00000,0x00000000c26530f0,0x00000000c2800000)
 Metaspace       used 24062K, capacity 24438K, committed 24752K, reserved 1071104K
  class space    used 3377K, capacity 3473K, committed 3504K, reserved 1048576K
Event: 16.592 GC heap after
Heap after GC invocations=30 (full 3):
 PSYoungGen      total 49664K, used 0K [0x00000000eb400000, 0x00000000eef80000, 0x0000000100000000)
  eden space 46080K, 0% used [0x00000000eb400000,0x00000000eb400000,0x00000000ee100000)
  from space 3584K, 0% used [0x00000000ee100000,0x00000000ee100000,0x00000000ee480000)
  to   space 3072K, 0% used [0x00000000eec80000,0x00000000eec80000,0x00000000eef80000)
 ParOldGen       total 13824K, used 8514K [0x00000000c1c00000, 0x00000000c2980000, 0x00000000eb400000)
  object space 13824K, 61% used [0x00000000c1c00000,0x00000000c2450870,0x00000000c2980000)
 Metaspace       used 24062K, capacity 24438K, committed 24752K, reserved 1071104K
  class space    used 3377K, capacity 3473K, committed 3504K, reserved 1048576K
}
Event: 16.744 GC heap before
{Heap before GC invocations=31 (full 3):
 PSYoungGen      total 49664K, used 46080K [0x00000000eb400000, 0x00000000eef80000, 0x0000000100000000)
  eden space 46080K, 100% used [0x00000000eb400000,0x00000000ee100000,0x00000000ee100000)
  from space 3584K, 0% used [0x00000000ee100000,0x00000000ee100000,0x00000000ee480000)
  to   space 3072K, 0% used [0x00000000eec80000,0x00000000eec80000,0x00000000eef80000)
 ParOldGen       total 13824K, used 8514K [0x00000000c1c00000, 0x00000000c2980000, 0x00000000eb400000)
  object space 13824K, 61% used [0x00000000c1c00000,0x00000000c2450870,0x00000000c2980000)
 Metaspace       used 24177K, capacity 24508K, committed 24752K, reserved 1071104K
  class space    used 3392K, capacity 3474K, committed 3504K, reserved 1048576K
Event: 16.747 GC heap after
Heap after GC invocations=31 (full 3):
 PSYoungGen      total 54784K, used 3072K [0x00000000eb400000, 0x00000000eef80000, 0x0000000100000000)
  eden space 51712K, 0% used [0x00000000eb400000,0x00000000eb400000,0x00000000ee680000)
  from space 3072K, 100% used [0x00000000eec80000,0x00000000eef80000,0x00000000eef80000)
  to   space 4096K, 0% used [0x00000000ee780000,0x00000000ee780000,0x00000000eeb80000)
 ParOldGen       total 13824K, used 8642K [0x00000000c1c00000, 0x00000000c2980000, 0x00000000eb400000)
  object space 13824K, 62% used [0x00000000c1c00000,0x00000000c2470910,0x00000000c2980000)
 Metaspace       used 24177K, capacity 24508K, committed 24752K, reserved 1071104K
  class space    used 3392K, capacity 3474K, committed 3504K, reserved 1048576K
}
Event: 18.891 GC heap before
{Heap before GC invocations=32 (full 3):
 PSYoungGen      total 54784K, used 54784K [0x00000000eb400000, 0x00000000eef80000, 0x0000000100000000)
  eden space 51712K, 100% used [0x00000000eb400000,0x00000000ee680000,0x00000000ee680000)
  from space 3072K, 100% used [0x00000000eec80000,0x00000000eef80000,0x00000000eef80000)
  to   space 4096K, 0% used [0x00000000ee780000,0x00000000ee780000,0x00000000eeb80000)
 ParOldGen       total 13824K, used 8642K [0x00000000c1c00000, 0x00000000c2980000, 0x00000000eb400000)
  object space 13824K, 62% used [0x00000000c1c00000,0x00000000c2470910,0x00000000c2980000)
 Metaspace       used 24354K, capacity 24732K, committed 25136K, reserved 1071104K
  class space    used 3412K, capacity 3506K, committed 3632K, reserved 1048576K
Event: 18.892 GC heap after
Heap after GC invocations=32 (full 3):
 PSYoungGen      total 56832K, used 352K [0x00000000eb400000, 0x00000000ef300000, 0x0000000100000000)
  eden space 52736K, 0% used [0x00000000eb400000,0x00000000eb400000,0x00000000ee780000)
  from space 4096K, 8% used [0x00000000ee780000,0x00000000ee7d8000,0x00000000eeb80000)
  to   space 3584K, 0% used [0x00000000eef80000,0x00000000eef80000,0x00000000ef300000)
 ParOldGen       total 13824K, used 8738K [0x00000000c1c00000, 0x00000000c2980000, 0x00000000eb400000)
  object space 13824K, 63% used [0x00000000c1c00000,0x00000000c2488910,0x00000000c2980000)
 Metaspace       used 24354K, capacity 24732K, committed 25136K, reserved 1071104K
  class space    used 3412K, capacity 3506K, committed 3632K, reserved 1048576K
}
Event: 130.072 GC heap before
{Heap before GC invocations=33 (full 3):
 PSYoungGen      total 56832K, used 53088K [0x00000000eb400000, 0x00000000ef300000, 0x0000000100000000)
  eden space 52736K, 100% used [0x00000000eb400000,0x00000000ee780000,0x00000000ee780000)
  from space 4096K, 8% used [0x00000000ee780000,0x00000000ee7d8000,0x00000000eeb80000)
  to   space 3584K, 0% used [0x00000000eef80000,0x00000000eef80000,0x00000000ef300000)
 ParOldGen       total 13824K, used 8738K [0x00000000c1c00000, 0x00000000c2980000, 0x00000000eb400000)
  object space 13824K, 63% used [0x00000000c1c00000,0x00000000c2488910,0x00000000c2980000)
 Metaspace       used 25252K, capacity 25570K, committed 25904K, reserved 1071104K
  class space    used 3498K, capacity 3571K, committed 3632K, reserved 1048576K
Event: 130.074 GC heap after
Heap after GC invocations=33 (full 3):
 PSYoungGen      total 60928K, used 845K [0x00000000eb400000, 0x00000000ef300000, 0x0000000100000000)
  eden space 57344K, 0% used [0x00000000eb400000,0x00000000eb400000,0x00000000eec00000)
  from space 3584K, 23% used [0x00000000eef80000,0x00000000ef0536f8,0x00000000ef300000)
  to   space 3584K, 0% used [0x00000000eec00000,0x00000000eec00000,0x00000000eef80000)
 ParOldGen       total 13824K, used 8746K [0x00000000c1c00000, 0x00000000c2980000, 0x00000000eb400000)
  object space 13824K, 63% used [0x00000000c1c00000,0x00000000c248a910,0x00000000c2980000)
 Metaspace       used 25252K, capacity 25570K, committed 25904K, reserved 1071104K
  class space    used 3498K, capacity 3571K, committed 3632K, reserved 1048576K
}

